Flow report for FIR_Filter
Mon Nov 20 22:02:41 2023
Quartus Prime Version 20.1.0 Build 711 06/05/2020 SJ Lite Edition


---------------------
; Table of Contents ;
---------------------
  1. Legal Notice
  2. Flow Summary
  3. Flow Settings
  4. Flow Non-Default Global Settings
  5. Flow Elapsed Time
  6. Flow OS Summary
  7. Flow Log
  8. Flow Messages
  9. Flow Suppressed Messages



----------------
; Legal Notice ;
----------------
Copyright (C) 2020  Intel Corporation. All rights reserved.
Your use of Intel Corporation's design tools, logic functions 
and other software and tools, and any partner logic 
functions, and any output files from any of the foregoing 
(including device programming or simulation files), and any 
associated documentation or information are expressly subject 
to the terms and conditions of the Intel Program License 
Subscription Agreement, the Intel Quartus Prime License Agreement,
the Intel FPGA IP License Agreement, or other applicable license
agreement, including, without limitation, that your use is for
the sole purpose of programming logic devices manufactured by
Intel and sold by Intel or its authorized distributors.  Please
refer to the applicable agreement for further details, at
https://fpgasoftware.intel.com/eula.



+----------------------------------------------------------------------------------+
; Flow Summary                                                                     ;
+------------------------------------+---------------------------------------------+
; Flow Status                        ; Successful - Mon Nov 20 22:02:39 2023       ;
; Quartus Prime Version              ; 20.1.0 Build 711 06/05/2020 SJ Lite Edition ;
; Revision Name                      ; FIR_Filter                                  ;
; Top-level Entity Name              ; FIR_Filter                                  ;
; Family                             ; Cyclone IV E                                ;
; Device                             ; EP4CE115F29C7                               ;
; Timing Models                      ; Final                                       ;
; Total logic elements               ; 358 / 114,480 ( < 1 % )                     ;
;     Total combinational functions  ; 226 / 114,480 ( < 1 % )                     ;
;     Dedicated logic registers      ; 264 / 114,480 ( < 1 % )                     ;
; Total registers                    ; 264                                         ;
; Total pins                         ; 52 / 529 ( 10 % )                           ;
; Total virtual pins                 ; 0                                           ;
; Total memory bits                  ; 1,024 / 3,981,312 ( < 1 % )                 ;
; Embedded Multiplier 9-bit elements ; 2 / 532 ( < 1 % )                           ;
; Total PLLs                         ; 0 / 4 ( 0 % )                               ;
+------------------------------------+---------------------------------------------+


+-----------------------------------------+
; Flow Settings                           ;
+-------------------+---------------------+
; Option            ; Setting             ;
+-------------------+---------------------+
; Start date & time ; 11/20/2023 22:02:08 ;
; Main task         ; Compilation         ;
; Revision Name     ; FIR_Filter          ;
+-------------------+---------------------+


+----------------------------------------------------------------------------------------------------------------------------------------------+
; Flow Non-Default Global Settings                                                                                                             ;
+-------------------------------------+-------------------------------------------------------------+---------------+-------------+------------+
; Assignment Name                     ; Value                                                       ; Default Value ; Entity Name ; Section Id ;
+-------------------------------------+-------------------------------------------------------------+---------------+-------------+------------+
; COMPILER_SIGNATURE_ID               ; 180886426622917.170053212807556                             ; --            ; --          ; --         ;
; MAX_CORE_JUNCTION_TEMP              ; 85                                                          ; --            ; --          ; --         ;
; MIN_CORE_JUNCTION_TEMP              ; 0                                                           ; --            ; --          ; --         ;
; MISC_FILE                           ; BP_Filt.cmp                                                 ; --            ; --          ; --         ;
; MISC_FILE                           ; BP_Filt_sim/dspba_library_package.vhd                       ; --            ; --          ; --         ;
; MISC_FILE                           ; BP_Filt_sim/dspba_library.vhd                               ; --            ; --          ; --         ;
; MISC_FILE                           ; BP_Filt_sim/auk_dspip_math_pkg_hpfir.vhd                    ; --            ; --          ; --         ;
; MISC_FILE                           ; BP_Filt_sim/auk_dspip_lib_pkg_hpfir.vhd                     ; --            ; --          ; --         ;
; MISC_FILE                           ; BP_Filt_sim/auk_dspip_avalon_streaming_controller_hpfir.vhd ; --            ; --          ; --         ;
; MISC_FILE                           ; BP_Filt_sim/auk_dspip_avalon_streaming_sink_hpfir.vhd       ; --            ; --          ; --         ;
; MISC_FILE                           ; BP_Filt_sim/auk_dspip_avalon_streaming_source_hpfir.vhd     ; --            ; --          ; --         ;
; MISC_FILE                           ; BP_Filt_sim/auk_dspip_roundsat_hpfir.vhd                    ; --            ; --          ; --         ;
; MISC_FILE                           ; BP_Filt_sim/altera_avalon_sc_fifo.v                         ; --            ; --          ; --         ;
; MISC_FILE                           ; BP_Filt_sim/BP_Filt_rtl_core.vhd                            ; --            ; --          ; --         ;
; MISC_FILE                           ; BP_Filt_sim/BP_Filt_ast.vhd                                 ; --            ; --          ; --         ;
; MISC_FILE                           ; BP_Filt_sim/BP_Filt.vhd                                     ; --            ; --          ; --         ;
; MISC_FILE                           ; BP_Filt_sim/BP_Filt_nativelink.tcl                          ; --            ; --          ; --         ;
; MISC_FILE                           ; BP_Filt_sim/BP_Filt_msim.tcl                                ; --            ; --          ; --         ;
; MISC_FILE                           ; BP_Filt_sim/BP_Filt_tb.vhd                                  ; --            ; --          ; --         ;
; MISC_FILE                           ; BP_Filt_sim/BP_Filt_mlab.m                                  ; --            ; --          ; --         ;
; MISC_FILE                           ; BP_Filt_sim/BP_Filt_model.m                                 ; --            ; --          ; --         ;
; MISC_FILE                           ; BP_Filt_sim/BP_Filt_coef_int.txt                            ; --            ; --          ; --         ;
; MISC_FILE                           ; BP_Filt_sim/BP_Filt_input.txt                               ; --            ; --          ; --         ;
; MISC_FILE                           ; BP_Filt_sim/BP_Filt_param.txt                               ; --            ; --          ; --         ;
; NOMINAL_CORE_SUPPLY_VOLTAGE         ; 1.2V                                                        ; --            ; --          ; --         ;
; PARTITION_COLOR                     ; -- (Not supported for targeted family)                      ; --            ; --          ; Top        ;
; PARTITION_FITTER_PRESERVATION_LEVEL ; -- (Not supported for targeted family)                      ; --            ; --          ; Top        ;
; PARTITION_NETLIST_TYPE              ; -- (Not supported for targeted family)                      ; --            ; --          ; Top        ;
; PROJECT_OUTPUT_DIRECTORY            ; output_files                                                ; --            ; --          ; --         ;
; SPD_FILE                            ; BP_Filt.spd                                                 ; --            ; --          ; --         ;
; SYNTHESIS_ONLY_QIP                  ; On                                                          ; --            ; --          ; --         ;
+-------------------------------------+-------------------------------------------------------------+---------------+-------------+------------+


+--------------------------------------------------------------------------------------------------------------------------+
; Flow Elapsed Time                                                                                                        ;
+----------------------+--------------+-------------------------+---------------------+------------------------------------+
; Module Name          ; Elapsed Time ; Average Processors Used ; Peak Virtual Memory ; Total CPU Time (on all processors) ;
+----------------------+--------------+-------------------------+---------------------+------------------------------------+
; Analysis & Synthesis ; 00:00:09     ; 1.0                     ; 4823 MB             ; 00:00:19                           ;
; Fitter               ; 00:00:16     ; 1.0                     ; 5838 MB             ; 00:00:23                           ;
; Assembler            ; 00:00:03     ; 1.0                     ; 4688 MB             ; 00:00:03                           ;
; Timing Analyzer      ; 00:00:01     ; 1.1                     ; 4877 MB             ; 00:00:02                           ;
; Total                ; 00:00:29     ; --                      ; --                  ; 00:00:47                           ;
+----------------------+--------------+-------------------------+---------------------+------------------------------------+


+------------------------------------------------------------------------------------+
; Flow OS Summary                                                                    ;
+----------------------+------------------+------------+------------+----------------+
; Module Name          ; Machine Hostname ; OS Name    ; OS Version ; Processor type ;
+----------------------+------------------+------------+------------+----------------+
; Analysis & Synthesis ; DESKTOP-74399GE  ; Windows 10 ; 10.0       ; x86_64         ;
; Fitter               ; DESKTOP-74399GE  ; Windows 10 ; 10.0       ; x86_64         ;
; Assembler            ; DESKTOP-74399GE  ; Windows 10 ; 10.0       ; x86_64         ;
; Timing Analyzer      ; DESKTOP-74399GE  ; Windows 10 ; 10.0       ; x86_64         ;
+----------------------+------------------+------------+------------+----------------+


------------
; Flow Log ;
------------
quartus_map --read_settings_files=on --write_settings_files=off FIR_Filter -c FIR_Filter
quartus_fit --read_settings_files=off --write_settings_files=off FIR_Filter -c FIR_Filter
quartus_asm --read_settings_files=off --write_settings_files=off FIR_Filter -c FIR_Filter
quartus_sta FIR_Filter -c FIR_Filter



