Assembler report for fullbeamformer
Thu Dec  7 23:27:17 2023
Quartus Prime Version 22.1std.2 Build 922 07/20/2023 SC Lite Edition


---------------------
; Table of Contents ;
---------------------
  1. Legal Notice
  2. Assembler Summary
  3. Assembler Settings
  4. Assembler Generated Files
  5. Assembler Device Options: D:/DDal/5th Year Fall (2023)/ECED4260/project/git/eced4260-beamformer-project/finalbeamformerproject/output_files/fullbeamformer.sof
  6. Assembler Messages



----------------
; Legal Notice ;
----------------
Copyright (C) 2023  Intel Corporation. All rights reserved.
Your use of Intel Corporation's design tools, logic functions 
and other software and tools, and any partner logic 
functions, and any output files from any of the foregoing 
(including device programming or simulation files), and any 
associated documentation or information are expressly subject 
to the terms and conditions of the Intel Program License 
Subscription Agreement, the Intel Quartus Prime License Agreement,
the Intel FPGA IP License Agreement, or other applicable license
agreement, including, without limitation, that your use is for
the sole purpose of programming logic devices manufactured by
Intel and sold by Intel or its authorized distributors.  Please
refer to the applicable agreement for further details, at
https://fpgasoftware.intel.com/eula.



+---------------------------------------------------------------+
; Assembler Summary                                             ;
+-----------------------+---------------------------------------+
; Assembler Status      ; Successful - Thu Dec  7 23:27:17 2023 ;
; Revision Name         ; fullbeamformer                        ;
; Top-level Entity Name ; fullbeamformer_tb                     ;
; Family                ; Cyclone IV E                          ;
; Device                ; EP4CE115F29C7                         ;
+-----------------------+---------------------------------------+


+----------------------------------+
; Assembler Settings               ;
+--------+---------+---------------+
; Option ; Setting ; Default Value ;
+--------+---------+---------------+


+--------------------------------------------------------------------------------------------------------------------------------------+
; Assembler Generated Files                                                                                                            ;
+--------------------------------------------------------------------------------------------------------------------------------------+
; File Name                                                                                                                            ;
+--------------------------------------------------------------------------------------------------------------------------------------+
; D:/DDal/5th Year Fall (2023)/ECED4260/project/git/eced4260-beamformer-project/finalbeamformerproject/output_files/fullbeamformer.sof ;
+--------------------------------------------------------------------------------------------------------------------------------------+


+----------------------------------------------------------------------------------------------------------------------------------------------------------------+
; Assembler Device Options: D:/DDal/5th Year Fall (2023)/ECED4260/project/git/eced4260-beamformer-project/finalbeamformerproject/output_files/fullbeamformer.sof ;
+----------------+-----------------------------------------------------------------------------------------------------------------------------------------------+
; Option         ; Setting                                                                                                                                       ;
+----------------+-----------------------------------------------------------------------------------------------------------------------------------------------+
; JTAG usercode  ; 0x0194A286                                                                                                                                    ;
; Checksum       ; 0x0194A286                                                                                                                                    ;
+----------------+-----------------------------------------------------------------------------------------------------------------------------------------------+


+--------------------+
; Assembler Messages ;
+--------------------+
Info: *******************************************************************
Info: Running Quartus Prime Assembler
    Info: Version 22.1std.2 Build 922 07/20/2023 SC Lite Edition
    Info: Processing started: Thu Dec  7 23:27:13 2023
Info: Command: quartus_asm --read_settings_files=off --write_settings_files=off fullbeamformer -c fullbeamformer
Warning (125092): Tcl Script File indexram.qip not found
    Info (125063): set_global_assignment -name QIP_FILE indexram.qip
Warning (18236): Number of processors has not been specified which may cause overloading on shared machines.  Set the global assignment NUM_PARALLEL_PROCESSORS in your QSF to an appropriate value for best performance.
Info (115031): Writing out detailed assembly data for power analysis
Info (115030): Assembler is generating device programming files
Info: Quartus Prime Assembler was successful. 0 errors, 2 warnings
    Info: Peak virtual memory: 4860 megabytes
    Info: Processing ended: Thu Dec  7 23:27:17 2023
    Info: Elapsed time: 00:00:04
    Info: Total CPU time (on all processors): 00:00:04


