Flow report for fullbeamformer
Fri Dec  8 14:35:37 2023
Quartus Prime Version 22.1std.2 Build 922 07/20/2023 SC Lite Edition


---------------------
; Table of Contents ;
---------------------
  1. Legal Notice
  2. Flow Summary
  3. Flow Settings
  4. Flow Non-Default Global Settings
  5. Flow Elapsed Time
  6. Flow OS Summary
  7. Flow Log
  8. Flow Messages
  9. Flow Suppressed Messages



----------------
; Legal Notice ;
----------------
Copyright (C) 2023  Intel Corporation. All rights reserved.
Your use of Intel Corporation's design tools, logic functions 
and other software and tools, and any partner logic 
functions, and any output files from any of the foregoing 
(including device programming or simulation files), and any 
associated documentation or information are expressly subject 
to the terms and conditions of the Intel Program License 
Subscription Agreement, the Intel Quartus Prime License Agreement,
the Intel FPGA IP License Agreement, or other applicable license
agreement, including, without limitation, that your use is for
the sole purpose of programming logic devices manufactured by
Intel and sold by Intel or its authorized distributors.  Please
refer to the applicable agreement for further details, at
https://fpgasoftware.intel.com/eula.



+-------------------------------------------------------------------------------------+
; Flow Summary                                                                        ;
+------------------------------------+------------------------------------------------+
; Flow Status                        ; Successful - Fri Dec  8 14:35:37 2023          ;
; Quartus Prime Version              ; 22.1std.2 Build 922 07/20/2023 SC Lite Edition ;
; Revision Name                      ; fullbeamformer                                 ;
; Top-level Entity Name              ; fullbeamformer_ext                             ;
; Family                             ; Cyclone IV E                                   ;
; Device                             ; EP4CE115F29C7                                  ;
; Timing Models                      ; Final                                          ;
; Total logic elements               ; 31,462 / 114,480 ( 27 % )                      ;
;     Total combinational functions  ; 22,903 / 114,480 ( 20 % )                      ;
;     Dedicated logic registers      ; 31,203 / 114,480 ( 27 % )                      ;
; Total registers                    ; 31203                                          ;
; Total pins                         ; 2 / 529 ( < 1 % )                              ;
; Total virtual pins                 ; 0                                              ;
; Total memory bits                  ; 2,269,184 / 3,981,312 ( 57 % )                 ;
; Embedded Multiplier 9-bit elements ; 304 / 532 ( 57 % )                             ;
; Total PLLs                         ; 1 / 4 ( 25 % )                                 ;
+------------------------------------+------------------------------------------------+


+-----------------------------------------+
; Flow Settings                           ;
+-------------------+---------------------+
; Option            ; Setting             ;
+-------------------+---------------------+
; Start date & time ; 12/08/2023 14:23:46 ;
; Main task         ; Compilation         ;
; Revision Name     ; fullbeamformer      ;
+-------------------+---------------------+


+--------------------------------------------------------------------------------------------------------------------------------------------------------+
; Flow Non-Default Global Settings                                                                                                                       ;
+-------------------------------------+----------------------------------------+----------------+--------------------+-----------------------------------+
; Assignment Name                     ; Value                                  ; Default Value  ; Entity Name        ; Section Id                        ;
+-------------------------------------+----------------------------------------+----------------+--------------------+-----------------------------------+
; COMPILER_SIGNATURE_ID               ; 5311883338953.170205982648056          ; --             ; --                 ; --                                ;
; EDA_GENERATE_FUNCTIONAL_NETLIST     ; Off                                    ; --             ; --                 ; eda_board_design_timing           ;
; EDA_GENERATE_FUNCTIONAL_NETLIST     ; Off                                    ; --             ; --                 ; eda_board_design_boundary_scan    ;
; EDA_GENERATE_FUNCTIONAL_NETLIST     ; Off                                    ; --             ; --                 ; eda_board_design_signal_integrity ;
; EDA_GENERATE_FUNCTIONAL_NETLIST     ; Off                                    ; --             ; --                 ; eda_board_design_symbol           ;
; EDA_OUTPUT_DATA_FORMAT              ; Verilog Hdl                            ; --             ; --                 ; eda_simulation                    ;
; EDA_SIMULATION_TOOL                 ; ModelSim (Verilog)                     ; <None>         ; --                 ; --                                ;
; EDA_TIME_SCALE                      ; 1 ps                                   ; --             ; --                 ; eda_simulation                    ;
; MAX_CORE_JUNCTION_TEMP              ; 85                                     ; --             ; --                 ; --                                ;
; MIN_CORE_JUNCTION_TEMP              ; 0                                      ; --             ; --                 ; --                                ;
; MISC_FILE                           ; BP_Filt.cmp                            ; --             ; --                 ; --                                ;
; MISC_FILE                           ; mainpll.ppf                            ; --             ; --                 ; --                                ;
; PARTITION_COLOR                     ; -- (Not supported for targeted family) ; --             ; fullbeamformer_ext ; Top                               ;
; PARTITION_FITTER_PRESERVATION_LEVEL ; -- (Not supported for targeted family) ; --             ; fullbeamformer_ext ; Top                               ;
; PARTITION_NETLIST_TYPE              ; -- (Not supported for targeted family) ; --             ; fullbeamformer_ext ; Top                               ;
; POWER_BOARD_THERMAL_MODEL           ; None (CONSERVATIVE)                    ; --             ; --                 ; --                                ;
; POWER_PRESET_COOLING_SOLUTION       ; 23 MM HEAT SINK WITH 200 LFPM AIRFLOW  ; --             ; --                 ; --                                ;
; PROJECT_OUTPUT_DIRECTORY            ; output_files                           ; --             ; --                 ; --                                ;
; SYNTHESIS_ONLY_QIP                  ; On                                     ; --             ; --                 ; --                                ;
; TOP_LEVEL_ENTITY                    ; fullbeamformer_ext                     ; fullbeamformer ; --                 ; --                                ;
+-------------------------------------+----------------------------------------+----------------+--------------------+-----------------------------------+


+--------------------------------------------------------------------------------------------------------------------------+
; Flow Elapsed Time                                                                                                        ;
+----------------------+--------------+-------------------------+---------------------+------------------------------------+
; Module Name          ; Elapsed Time ; Average Processors Used ; Peak Virtual Memory ; Total CPU Time (on all processors) ;
+----------------------+--------------+-------------------------+---------------------+------------------------------------+
; Analysis & Synthesis ; 00:01:54     ; 1.0                     ; 5232 MB             ; 00:02:23                           ;
; Fitter               ; 00:07:52     ; 1.2                     ; 6463 MB             ; 00:16:13                           ;
; Assembler            ; 00:00:13     ; 1.0                     ; 4852 MB             ; 00:00:13                           ;
; Timing Analyzer      ; 00:00:41     ; 1.5                     ; 5306 MB             ; 00:00:57                           ;
; EDA Netlist Writer   ; 00:00:23     ; 1.0                     ; 4855 MB             ; 00:00:23                           ;
; Total                ; 00:11:03     ; --                      ; --                  ; 00:20:09                           ;
+----------------------+--------------+-------------------------+---------------------+------------------------------------+


+------------------------------------------------------------------------------------+
; Flow OS Summary                                                                    ;
+----------------------+------------------+------------+------------+----------------+
; Module Name          ; Machine Hostname ; OS Name    ; OS Version ; Processor type ;
+----------------------+------------------+------------+------------+----------------+
; Analysis & Synthesis ; LAPTOP-DAV19RQ7  ; Windows 10 ; 10.0       ; x86_64         ;
; Fitter               ; LAPTOP-DAV19RQ7  ; Windows 10 ; 10.0       ; x86_64         ;
; Assembler            ; LAPTOP-DAV19RQ7  ; Windows 10 ; 10.0       ; x86_64         ;
; Timing Analyzer      ; LAPTOP-DAV19RQ7  ; Windows 10 ; 10.0       ; x86_64         ;
; EDA Netlist Writer   ; LAPTOP-DAV19RQ7  ; Windows 10 ; 10.0       ; x86_64         ;
+----------------------+------------------+------------+------------+----------------+


------------
; Flow Log ;
------------
quartus_map --read_settings_files=on --write_settings_files=off fullbeamformer -c fullbeamformer
quartus_fit --read_settings_files=off --write_settings_files=off fullbeamformer -c fullbeamformer
quartus_asm --read_settings_files=off --write_settings_files=off fullbeamformer -c fullbeamformer
quartus_sta fullbeamformer -c fullbeamformer
quartus_eda --read_settings_files=off --write_settings_files=off fullbeamformer -c fullbeamformer



