Flow report for FIR_Filter
Mon Nov 27 14:32:31 2023
Quartus Prime Version 22.1std.2 Build 922 07/20/2023 SC Lite Edition


---------------------
; Table of Contents ;
---------------------
  1. Legal Notice
  2. Flow Summary
  3. Flow Settings
  4. Flow Non-Default Global Settings
  5. Flow Elapsed Time
  6. Flow OS Summary
  7. Flow Log
  8. Flow Messages
  9. Flow Suppressed Messages



----------------
; Legal Notice ;
----------------
Copyright (C) 2023  Intel Corporation. All rights reserved.
Your use of Intel Corporation's design tools, logic functions 
and other software and tools, and any partner logic 
functions, and any output files from any of the foregoing 
(including device programming or simulation files), and any 
associated documentation or information are expressly subject 
to the terms and conditions of the Intel Program License 
Subscription Agreement, the Intel Quartus Prime License Agreement,
the Intel FPGA IP License Agreement, or other applicable license
agreement, including, without limitation, that your use is for
the sole purpose of programming logic devices manufactured by
Intel and sold by Intel or its authorized distributors.  Please
refer to the applicable agreement for further details, at
https://fpgasoftware.intel.com/eula.



+-------------------------------------------------------------------------------------+
; Flow Summary                                                                        ;
+------------------------------------+------------------------------------------------+
; Flow Status                        ; Successful - Mon Nov 27 14:32:22 2023          ;
; Quartus Prime Version              ; 22.1std.2 Build 922 07/20/2023 SC Lite Edition ;
; Revision Name                      ; FIR_Filter                                     ;
; Top-level Entity Name              ; FIR_Filter                                     ;
; Family                             ; Cyclone IV E                                   ;
; Device                             ; EP4CE115F29C7                                  ;
; Timing Models                      ; Final                                          ;
; Total logic elements               ; 9,789 / 114,480 ( 9 % )                        ;
;     Total combinational functions  ; 6,912 / 114,480 ( 6 % )                        ;
;     Dedicated logic registers      ; 9,757 / 114,480 ( 9 % )                        ;
; Total registers                    ; 9757                                           ;
; Total pins                         ; 193 / 529 ( 36 % )                             ;
; Total virtual pins                 ; 0                                              ;
; Total memory bits                  ; 0 / 3,981,312 ( 0 % )                          ;
; Embedded Multiplier 9-bit elements ; 128 / 532 ( 24 % )                             ;
; Total PLLs                         ; 0 / 4 ( 0 % )                                  ;
+------------------------------------+------------------------------------------------+


+-----------------------------------------+
; Flow Settings                           ;
+-------------------+---------------------+
; Option            ; Setting             ;
+-------------------+---------------------+
; Start date & time ; 11/27/2023 14:30:27 ;
; Main task         ; Compilation         ;
; Revision Name     ; FIR_Filter          ;
+-------------------+---------------------+


+----------------------------------------------------------------------------------------------------------------------------------------------+
; Flow Non-Default Global Settings                                                                                                             ;
+-------------------------------------+-------------------------------------------------------------+---------------+-------------+------------+
; Assignment Name                     ; Value                                                       ; Default Value ; Entity Name ; Section Id ;
+-------------------------------------+-------------------------------------------------------------+---------------+-------------+------------+
; COMPILER_SIGNATURE_ID               ; 5311883338953.170110982712984                               ; --            ; --          ; --         ;
; MAX_CORE_JUNCTION_TEMP              ; 85                                                          ; --            ; --          ; --         ;
; MIN_CORE_JUNCTION_TEMP              ; 0                                                           ; --            ; --          ; --         ;
; MISC_FILE                           ; BP_Filt.cmp                                                 ; --            ; --          ; --         ;
; MISC_FILE                           ; BP_Filt_sim/dspba_library_package.vhd                       ; --            ; --          ; --         ;
; MISC_FILE                           ; BP_Filt_sim/dspba_library.vhd                               ; --            ; --          ; --         ;
; MISC_FILE                           ; BP_Filt_sim/auk_dspip_math_pkg_hpfir.vhd                    ; --            ; --          ; --         ;
; MISC_FILE                           ; BP_Filt_sim/auk_dspip_lib_pkg_hpfir.vhd                     ; --            ; --          ; --         ;
; MISC_FILE                           ; BP_Filt_sim/auk_dspip_avalon_streaming_controller_hpfir.vhd ; --            ; --          ; --         ;
; MISC_FILE                           ; BP_Filt_sim/auk_dspip_avalon_streaming_sink_hpfir.vhd       ; --            ; --          ; --         ;
; MISC_FILE                           ; BP_Filt_sim/auk_dspip_avalon_streaming_source_hpfir.vhd     ; --            ; --          ; --         ;
; MISC_FILE                           ; BP_Filt_sim/auk_dspip_roundsat_hpfir.vhd                    ; --            ; --          ; --         ;
; MISC_FILE                           ; BP_Filt_sim/altera_avalon_sc_fifo.v                         ; --            ; --          ; --         ;
; MISC_FILE                           ; BP_Filt_sim/BP_Filt_rtl_core.vhd                            ; --            ; --          ; --         ;
; MISC_FILE                           ; BP_Filt_sim/BP_Filt_ast.vhd                                 ; --            ; --          ; --         ;
; MISC_FILE                           ; BP_Filt_sim/BP_Filt.vhd                                     ; --            ; --          ; --         ;
; MISC_FILE                           ; BP_Filt_sim/BP_Filt_nativelink.tcl                          ; --            ; --          ; --         ;
; MISC_FILE                           ; BP_Filt_sim/BP_Filt_msim.tcl                                ; --            ; --          ; --         ;
; MISC_FILE                           ; BP_Filt_sim/BP_Filt_tb.vhd                                  ; --            ; --          ; --         ;
; MISC_FILE                           ; BP_Filt_sim/BP_Filt_mlab.m                                  ; --            ; --          ; --         ;
; MISC_FILE                           ; BP_Filt_sim/BP_Filt_model.m                                 ; --            ; --          ; --         ;
; MISC_FILE                           ; BP_Filt_sim/BP_Filt_coef_int.txt                            ; --            ; --          ; --         ;
; MISC_FILE                           ; BP_Filt_sim/BP_Filt_input.txt                               ; --            ; --          ; --         ;
; MISC_FILE                           ; BP_Filt_sim/BP_Filt_param.txt                               ; --            ; --          ; --         ;
; NOMINAL_CORE_SUPPLY_VOLTAGE         ; 1.2V                                                        ; --            ; --          ; --         ;
; PARTITION_COLOR                     ; -- (Not supported for targeted family)                      ; --            ; --          ; Top        ;
; PARTITION_FITTER_PRESERVATION_LEVEL ; -- (Not supported for targeted family)                      ; --            ; --          ; Top        ;
; PARTITION_NETLIST_TYPE              ; -- (Not supported for targeted family)                      ; --            ; --          ; Top        ;
; PROJECT_OUTPUT_DIRECTORY            ; output_files                                                ; --            ; --          ; --         ;
; SPD_FILE                            ; BP_Filt.spd                                                 ; --            ; --          ; --         ;
; SYNTHESIS_ONLY_QIP                  ; On                                                          ; --            ; --          ; --         ;
+-------------------------------------+-------------------------------------------------------------+---------------+-------------+------------+


+--------------------------------------------------------------------------------------------------------------------------+
; Flow Elapsed Time                                                                                                        ;
+----------------------+--------------+-------------------------+---------------------+------------------------------------+
; Module Name          ; Elapsed Time ; Average Processors Used ; Peak Virtual Memory ; Total CPU Time (on all processors) ;
+----------------------+--------------+-------------------------+---------------------+------------------------------------+
; Analysis & Synthesis ; 00:00:23     ; 1.0                     ; 4939 MB             ; 00:00:28                           ;
; Fitter               ; 00:01:22     ; 1.1                     ; 6011 MB             ; 00:02:50                           ;
; Assembler            ; 00:00:03     ; 1.0                     ; 4764 MB             ; 00:00:03                           ;
; Timing Analyzer      ; 00:00:08     ; 1.5                     ; 5026 MB             ; 00:00:08                           ;
; Total                ; 00:01:56     ; --                      ; --                  ; 00:03:29                           ;
+----------------------+--------------+-------------------------+---------------------+------------------------------------+


+------------------------------------------------------------------------------------+
; Flow OS Summary                                                                    ;
+----------------------+------------------+------------+------------+----------------+
; Module Name          ; Machine Hostname ; OS Name    ; OS Version ; Processor type ;
+----------------------+------------------+------------+------------+----------------+
; Analysis & Synthesis ; LAPTOP-DAV19RQ7  ; Windows 10 ; 10.0       ; x86_64         ;
; Fitter               ; LAPTOP-DAV19RQ7  ; Windows 10 ; 10.0       ; x86_64         ;
; Assembler            ; LAPTOP-DAV19RQ7  ; Windows 10 ; 10.0       ; x86_64         ;
; Timing Analyzer      ; LAPTOP-DAV19RQ7  ; Windows 10 ; 10.0       ; x86_64         ;
+----------------------+------------------+------------+------------+----------------+


------------
; Flow Log ;
------------
quartus_map --read_settings_files=on --write_settings_files=off FIR_Filter -c FIR_Filter
quartus_fit --read_settings_files=off --write_settings_files=off FIR_Filter -c FIR_Filter
quartus_asm --read_settings_files=off --write_settings_files=off FIR_Filter -c FIR_Filter
quartus_sta FIR_Filter -c FIR_Filter



