IP Upgrade report for FIR_Filter
Sun Nov 26 13:03:23 2023
Quartus Prime Version 22.1std.2 Build 922 07/20/2023 SC Lite Edition


---------------------
; Table of Contents ;
---------------------
  1. Legal Notice
  2. IP Upgrade Summary
  3. Failed Upgrade IP Components
  4. IP Upgrade Messages



----------------
; Legal Notice ;
----------------
Copyright (C) 2023  Intel Corporation. All rights reserved.
Your use of Intel Corporation's design tools, logic functions 
and other software and tools, and any partner logic 
functions, and any output files from any of the foregoing 
(including device programming or simulation files), and any 
associated documentation or information are expressly subject 
to the terms and conditions of the Intel Program License 
Subscription Agreement, the Intel Quartus Prime License Agreement,
the Intel FPGA IP License Agreement, or other applicable license
agreement, including, without limitation, that your use is for
the sole purpose of programming logic devices manufactured by
Intel and sold by Intel or its authorized distributors.  Please
refer to the applicable agreement for further details, at
https://fpgasoftware.intel.com/eula.



+-------------------------------------------------------------------------------+
; IP Upgrade Summary                                                            ;
+------------------------------+------------------------------------------------+
; IP Components Upgrade Status ; Failed - Sun Nov 26 13:03:23 2023              ;
; Quartus Prime Version        ; 22.1std.2 Build 922 07/20/2023 SC Lite Edition ;
; Revision Name                ; FIR_Filter                                     ;
; Top-level Entity Name        ; FIR_Filter                                     ;
; Family                       ; Cyclone IV E                                   ;
+------------------------------+------------------------------------------------+


+------------------------------------------------------------------------------------------------------------------------------------------------------------+
; Failed Upgrade IP Components                                                                                                                               ;
+-------------+------------------------+---------+----------------------+----------------------+-----------------+-------------------------------------------+
; Entity Name ; Component Name         ; Version ; Original Source File ; Generation File Path ; New Source File ; Message                                   ;
+-------------+------------------------+---------+----------------------+----------------------+-----------------+-------------------------------------------+
; BP_Filt     ; altera_fir_compiler_ii ; 20.1    ; BP_Filt.qip          ; BP_Filt.v            ;                 ; Error upgrading IP component "BP_Filt.v". ;
+-------------+------------------------+---------+----------------------+----------------------+-----------------+-------------------------------------------+


+---------------------+
; IP Upgrade Messages ;
+---------------------+
Info (11902): Backing up file "BP_Filt.v" to "BP_Filt.BAK.v"
Info (11837): Started upgrading IP component altera_fir_compiler_ii with file "BP_Filt.v"
Info (11904): Restoring file "BP_Filt.BAK.v" to "BP_Filt.v"
Error (14921): Error upgrading IP component "BP_Filt.v".
Error (11133): IP component altera_fir_compiler_ii with file "BP_Filt.v" upgrade failed
Error (11889): IP component upgrade failed
Error (23031): Evaluation of Tcl script d:/intelfpga_lite/22.1std/quartus/common/tcl/internal/ip_regen/ip_regen.tcl unsuccessful
Error: Quartus Prime Shell was unsuccessful. 4 errors, 0 warnings
    Error: Peak virtual memory: 4871 megabytes
    Error: Processing ended: Sun Nov 26 13:03:23 2023
    Error: Elapsed time: 00:00:08
    Error: Total CPU time (on all processors): 00:00:18


